<?xml version="1.0" encoding="UTF-8"?>
<!-- Generated by org.testng.reporters.JUnitReportReporter -->
<testsuite skipped="0" hostname="ATMECSINLT-087" name="com.atmecs.booikng.testscripts.LoginPageTest" tests="1" failures="0" timestamp="2019-08-29T14:46:06 IST" time="21.069" errors="0">
  <testcase name="loginPageTest" time="21.069" classname="com.atmecs.booikng.testscripts.LoginPageTest"/>
</testsuite> <!-- com.atmecs.booikng.testscripts.LoginPageTest -->
